#
# A fatal error has been detected by the Java Runtime Environment:
#
#  EXCEPTION_ACCESS_VIOLATION (0xc0000005) at pc=0x00007ffb0f463b2f, pid=8464, tid=0x00000000000016c8
#
# JRE version: Java(TM) SE Runtime Environment (8.0_101-b13) (build 1.8.0_101-b13)
# Java VM: Java HotSpot(TM) 64-Bit Server VM (25.101-b13 mixed mode windows-amd64 compressed oops)
# Problematic frame:
# C  [msvcrt.dll+0x73b2f]
#
# Failed to write core dump. Minidumps are not enabled by default on client versions of Windows
#
# If you would like to submit a bug report, please visit:
#   http://bugreport.java.com/bugreport/crash.jsp
# The crash happened outside the Java Virtual Machine in native code.
# See problematic frame for where to report the bug.
#

---------------  T H R E A D  ---------------

Current thread (0x00000000190b4000):  JavaThread "LWJGL Application" [_thread_in_native, id=5832, stack(0x0000000019840000,0x0000000019940000)]

siginfo: ExceptionCode=0xc0000005, writing address 0x0000000000000000

Registers:
RAX=0x00000000dd0824f0, RBX=0x00000000190b41f8, RCX=0x0000000000000020, RDX=0x00000000dd0824f0
RSP=0x000000001993ee48, RBP=0x0000000000000000, RSI=0x000000001993eee0, RDI=0x00000000dd0824f0
R8 =0x0000000000000010, R9 =0x0000000000000002, R10=0x000000000000000c, R11=0x0000000000000000
R12=0x0000000000000000, R13=0x0000000000000014, R14=0x000000001993ef10, R15=0x00000000190b4000
RIP=0x00007ffb0f463b2f, EFLAGS=0x0000000000010202

Top of Stack: (sp=0x000000001993ee48)
0x000000001993ee48:   0000000065583a34 00000000190b41f8
0x000000001993ee58:   0000000000000000 000000001993eee0
0x000000001993ee68:   0000000000000de1 0000000000000000
0x000000001993ee78:   00000000dd0820f8 000000008179c2b0
0x000000001993ee88:   0000000000000000 000000001993ef20
0x000000001993ee98:   0000000000000000 000000008175ecb0
0x000000001993eea8:   0000000002b304ee 000000006038e150
0x000000001993eeb8:   000000001993ef20 000000008179c2b0
0x000000001993eec8:   000000001a1c0cf0 0000000000000014
0x000000001993eed8:   0000000000000000 00000000dd0824e0
0x000000001993eee8:   00000000dd0823d8 0000000000000f94
0x000000001993eef8:   0000000002ae8c48 00000000dd0820f8
0x000000001993ef08:   00000000812018e0 0000000081797eb0
0x000000001993ef18:   0000000000000000 00000000dd0823d8
0x000000001993ef28:   0000000002bad1dc 0000001400000006
0x000000001993ef38:   00000000dd0820f8 00000009dd082290 

Instructions: (pc=0x00007ffb0f463b2f)
0x00007ffb0f463b0f:   49 81 f9 00 20 00 00 0f 87 76 00 00 00 49 83 e0
0x00007ffb0f463b1f:   1f f3 0f 6f 04 0a f3 0f 6f 4c 0a 10 48 83 c1 20
0x00007ffb0f463b2f:   66 0f 7f 41 e0 66 0f 7f 49 f0 49 ff c9 75 e2 e9
0x00007ffb0f463b3f:   4f ff ff ff 66 66 66 66 66 66 66 0f 1f 84 00 00 


Register to memory mapping:

RAX=0x00000000dd0824f0 is an oop

[error occurred during error reporting (printing register info), id 0xc0000005]

Stack: [0x0000000019840000,0x0000000019940000],  sp=0x000000001993ee48,  free space=1019k
Native frames: (J=compiled Java code, j=interpreted, Vv=VM code, C=native code)

Java frames: (J=compiled Java code, j=interpreted, Vv=VM code)
J 613  com.badlogic.gdx.utils.BufferUtils.copyJni([FLjava/nio/Buffer;II)V (0 bytes) @ 0x0000000002b30470 [0x0000000002b30400+0x70]
J 750 C2 com.badlogic.gdx.graphics.g2d.SpriteBatch.flush()V (185 bytes) @ 0x0000000002bad1dc [0x0000000002bad040+0x19c]
J 827 C2 com.mygdx.game.WorldRenderer.renderBullet()V (82 bytes) @ 0x0000000002bec358 [0x0000000002bebee0+0x478]
J 832 C1 com.mygdx.game.ProjectGame.render()V (45 bytes) @ 0x0000000002beeb94 [0x0000000002bee180+0xa14]
j  com.badlogic.gdx.backends.lwjgl.LwjglApplication.mainLoop()V+698
j  com.badlogic.gdx.backends.lwjgl.LwjglApplication$1.run()V+27
v  ~StubRoutines::call_stub

---------------  P R O C E S S  ---------------

Java Threads: ( => current thread )
  0x000000001a1b7000 JavaThread "LWJGL Timer" daemon [_thread_blocked, id=556, stack(0x0000000020ab0000,0x0000000020bb0000)]
  0x00000000007ae800 JavaThread "DestroyJavaVM" [_thread_blocked, id=5488, stack(0x0000000002680000,0x0000000002780000)]
=>0x00000000190b4000 JavaThread "LWJGL Application" [_thread_in_native, id=5832, stack(0x0000000019840000,0x0000000019940000)]
  0x00000000174ae800 JavaThread "Service Thread" daemon [_thread_blocked, id=3916, stack(0x00000000191d0000,0x00000000192d0000)]
  0x00000000174ab800 JavaThread "C1 CompilerThread2" daemon [_thread_blocked, id=11752, stack(0x0000000018cd0000,0x0000000018dd0000)]
  0x00000000174a8800 JavaThread "C2 CompilerThread1" daemon [_thread_blocked, id=10928, stack(0x0000000018bd0000,0x0000000018cd0000)]
  0x00000000174a2800 JavaThread "C2 CompilerThread0" daemon [_thread_blocked, id=6332, stack(0x0000000018ad0000,0x0000000018bd0000)]
  0x00000000174a0800 JavaThread "Attach Listener" daemon [_thread_blocked, id=8492, stack(0x00000000189d0000,0x0000000018ad0000)]
  0x000000001749f800 JavaThread "Signal Dispatcher" daemon [_thread_blocked, id=1636, stack(0x00000000188d0000,0x00000000189d0000)]
  0x000000000288d000 JavaThread "Finalizer" daemon [_thread_blocked, id=9140, stack(0x00000000186a0000,0x00000000187a0000)]
  0x0000000002882000 JavaThread "Reference Handler" daemon [_thread_blocked, id=8700, stack(0x00000000185a0000,0x00000000186a0000)]

Other Threads:
  0x0000000017417000 VMThread [stack: 0x00000000184a0000,0x00000000185a0000] [id=11580]
  0x0000000018ea8800 WatcherThread [stack: 0x00000000192d0000,0x00000000193d0000] [id=9128]

VM state:not at safepoint (normal execution)

VM Mutex/Monitor currently owned by a thread: None

Heap:
 PSYoungGen      total 471040K, used 230176K [0x00000000d5b80000, 0x00000000ff580000, 0x0000000100000000)
  eden space 287232K, 42% used [0x00000000d5b80000,0x00000000dd210a40,0x00000000e7400000)
  from space 183808K, 59% used [0x00000000e7400000,0x00000000ede37910,0x00000000f2780000)
  to   space 183296K, 0% used [0x00000000f4280000,0x00000000f4280000,0x00000000ff580000)
 ParOldGen       total 920576K, used 696302K [0x0000000081200000, 0x00000000b9500000, 0x00000000d5b80000)
  object space 920576K, 75% used [0x0000000081200000,0x00000000ab9fb928,0x00000000b9500000)
 Metaspace       used 6648K, capacity 6979K, committed 7168K, reserved 1056768K
  class space    used 619K, capacity 656K, committed 768K, reserved 1048576K

Card table byte_map: [0x0000000011c60000,0x0000000012060000] byte_map_base: 0x0000000011857000

Marking Bits: (ParMarkBitMap*) 0x00000000621ba6d0
 Begin Bits: [0x0000000012710000, 0x00000000146c8000)
 End Bits:   [0x00000000146c8000, 0x0000000016680000)

Polling page: 0x0000000000790000

CodeCache: size=245760Kb used=3406Kb max_used=3420Kb free=242353Kb
 bounds [0x00000000028a0000, 0x0000000002c00000, 0x00000000118a0000]
 total_blobs=1276 nmethods=838 adapters=351
 compilation: enabled

Compilation events (10 events):
Event: 24.724 Thread 0x00000000174ab800  834       3       com.badlogic.gdx.backends.lwjgl.LwjglGL20::glClear (5 bytes)
Event: 24.724 Thread 0x00000000174ab800 nmethod 834 0x0000000002beff90 code [0x0000000002bf0180, 0x0000000002bf0938]
Event: 24.724 Thread 0x00000000174ab800  835       3       com.mygdx.game.World::update (120 bytes)
Event: 24.725 Thread 0x00000000174ab800 nmethod 835 0x0000000002bf0e50 code [0x0000000002bf11e0, 0x0000000002bf2d08]
Event: 24.725 Thread 0x00000000174ab800  836       3       com.mygdx.game.WorldRenderer::render (55 bytes)
Event: 24.726 Thread 0x00000000174ab800 nmethod 836 0x0000000002bf3a50 code [0x0000000002bf3c20, 0x0000000002bf4198]
Event: 29.789 Thread 0x00000000174ab800  837   !   3       java.lang.ref.Reference::tryHandlePending (115 bytes)
Event: 29.790 Thread 0x00000000174ab800 nmethod 837 0x0000000002bf45d0 code [0x0000000002bf4800, 0x0000000002bf5488]
Event: 29.790 Thread 0x00000000174a8800  838   !   4       java.lang.ref.Reference::tryHandlePending (115 bytes)
Event: 29.796 Thread 0x00000000174a8800 nmethod 838 0x0000000002bf9310 code [0x0000000002bf94e0, 0x0000000002bfa250]

GC Heap History (10 events):
Event: 50.131 GC heap before
{Heap before GC invocations=48 (full 5):
 PSYoungGen      total 474112K, used 287806K [0x00000000d5b80000, 0x0000000100000000, 0x0000000100000000)
  eden space 257024K, 100% used [0x00000000d5b80000,0x00000000e5680000,0x00000000e5680000)
  from space 217088K, 14% used [0x00000000f2980000,0x00000000f478f910,0x00000000ffd80000)
  to   space 216064K, 0% used [0x00000000e5680000,0x00000000e5680000,0x00000000f2980000)
 ParOldGen       total 920576K, used 696302K [0x0000000081200000, 0x00000000b9500000, 0x00000000d5b80000)
  object space 920576K, 75% used [0x0000000081200000,0x00000000ab9fb928,0x00000000b9500000)
 Metaspace       used 6648K, capacity 6979K, committed 7168K, reserved 1056768K
  class space    used 619K, capacity 656K, committed 768K, reserved 1048576K
Event: 50.148 GC heap after
Heap after GC invocations=48 (full 5):
 PSYoungGen      total 303104K, used 45822K [0x00000000d5b80000, 0x00000000ff400000, 0x0000000100000000)
  eden space 257024K, 0% used [0x00000000d5b80000,0x00000000d5b80000,0x00000000e5680000)
  from space 46080K, 99% used [0x00000000e5680000,0x00000000e833f910,0x00000000e8380000)
  to   space 210432K, 0% used [0x00000000f2680000,0x00000000f2680000,0x00000000ff400000)
 ParOldGen       total 920576K, used 696302K [0x0000000081200000, 0x00000000b9500000, 0x00000000d5b80000)
  object space 920576K, 75% used [0x0000000081200000,0x00000000ab9fb928,0x00000000b9500000)
 Metaspace       used 6648K, capacity 6979K, committed 7168K, reserved 1056768K
  class space    used 619K, capacity 656K, committed 768K, reserved 1048576K
}
Event: 51.088 GC heap before
{Heap before GC invocations=49 (full 5):
 PSYoungGen      total 303104K, used 302846K [0x00000000d5b80000, 0x00000000ff400000, 0x0000000100000000)
  eden space 257024K, 100% used [0x00000000d5b80000,0x00000000e5680000,0x00000000e5680000)
  from space 46080K, 99% used [0x00000000e5680000,0x00000000e833f910,0x00000000e8380000)
  to   space 210432K, 0% used [0x00000000f2680000,0x00000000f2680000,0x00000000ff400000)
 ParOldGen       total 920576K, used 696302K [0x0000000081200000, 0x00000000b9500000, 0x00000000d5b80000)
  object space 920576K, 75% used [0x0000000081200000,0x00000000ab9fb928,0x00000000b9500000)
 Metaspace       used 6648K, capacity 6979K, committed 7168K, reserved 1056768K
  class space    used 619K, capacity 656K, committed 768K, reserved 1048576K
Event: 51.108 GC heap after
Heap after GC invocations=49 (full 5):
 PSYoungGen      total 478720K, used 60688K [0x00000000d5b80000, 0x00000000ff980000, 0x0000000100000000)
  eden space 268288K, 0% used [0x00000000d5b80000,0x00000000d5b80000,0x00000000e6180000)
  from space 210432K, 28% used [0x00000000f2680000,0x00000000f61c4080,0x00000000ff400000)
  to   space 201728K, 0% used [0x00000000e6180000,0x00000000e6180000,0x00000000f2680000)
 ParOldGen       total 920576K, used 696302K [0x0000000081200000, 0x00000000b9500000, 0x00000000d5b80000)
  object space 920576K, 75% used [0x0000000081200000,0x00000000ab9fb928,0x00000000b9500000)
 Metaspace       used 6648K, capacity 6979K, committed 7168K, reserved 1056768K
  class space    used 619K, capacity 656K, committed 768K, reserved 1048576K
}
Event: 52.072 GC heap before
{Heap before GC invocations=50 (full 5):
 PSYoungGen      total 478720K, used 328976K [0x00000000d5b80000, 0x00000000ff980000, 0x0000000100000000)
  eden space 268288K, 100% used [0x00000000d5b80000,0x00000000e6180000,0x00000000e6180000)
  from space 210432K, 28% used [0x00000000f2680000,0x00000000f61c4080,0x00000000ff400000)
  to   space 201728K, 0% used [0x00000000e6180000,0x00000000e6180000,0x00000000f2680000)
 ParOldGen       total 920576K, used 696302K [0x0000000081200000, 0x00000000b9500000, 0x00000000d5b80000)
  object space 920576K, 75% used [0x0000000081200000,0x00000000ab9fb928,0x00000000b9500000)
 Metaspace       used 6648K, capacity 6979K, committed 7168K, reserved 1056768K
  class space    used 619K, capacity 656K, committed 768K, reserved 1048576K
Event: 52.098 GC heap after
Heap after GC invocations=50 (full 5):
 PSYoungGen      total 470016K, used 76336K [0x00000000d5b80000, 0x00000000fe180000, 0x0000000100000000)
  eden space 268288K, 0% used [0x00000000d5b80000,0x00000000d5b80000,0x00000000e6180000)
  from space 201728K, 37% used [0x00000000e6180000,0x00000000eac0c080,0x00000000f2680000)
  to   space 190464K, 0% used [0x00000000f2780000,0x00000000f2780000,0x00000000fe180000)
 ParOldGen       total 920576K, used 696302K [0x0000000081200000, 0x00000000b9500000, 0x00000000d5b80000)
  object space 920576K, 75% used [0x0000000081200000,0x00000000ab9fb928,0x00000000b9500000)
 Metaspace       used 6648K, capacity 6979K, committed 7168K, reserved 1056768K
  class space    used 619K, capacity 656K, committed 768K, reserved 1048576K
}
Event: 53.039 GC heap before
{Heap before GC invocations=51 (full 5):
 PSYoungGen      total 470016K, used 344624K [0x00000000d5b80000, 0x00000000fe180000, 0x0000000100000000)
  eden space 268288K, 100% used [0x00000000d5b80000,0x00000000e6180000,0x00000000e6180000)
  from space 201728K, 37% used [0x00000000e6180000,0x00000000eac0c080,0x00000000f2680000)
  to   space 190464K, 0% used [0x00000000f2780000,0x00000000f2780000,0x00000000fe180000)
 ParOldGen       total 920576K, used 696302K [0x0000000081200000, 0x00000000b9500000, 0x00000000d5b80000)
  object space 920576K, 75% used [0x0000000081200000,0x00000000ab9fb928,0x00000000b9500000)
 Metaspace       used 6648K, capacity 6979K, committed 7168K, reserved 1056768K
  class space    used 619K, capacity 656K, committed 768K, reserved 1048576K
Event: 53.068 GC heap after
Heap after GC invocations=51 (full 5):
 PSYoungGen      total 477696K, used 91888K [0x00000000d5b80000, 0x00000000fe200000, 0x0000000100000000)
  eden space 287232K, 0% used [0x00000000d5b80000,0x00000000d5b80000,0x00000000e7400000)
  from space 190464K, 48% used [0x00000000f2780000,0x00000000f813c080,0x00000000fe180000)
  to   space 183808K, 0% used [0x00000000e7400000,0x00000000e7400000,0x00000000f2780000)
 ParOldGen       total 920576K, used 696302K [0x0000000081200000, 0x00000000b9500000, 0x00000000d5b80000)
  object space 920576K, 75% used [0x0000000081200000,0x00000000ab9fb928,0x00000000b9500000)
 Metaspace       used 6648K, capacity 6979K, committed 7168K, reserved 1056768K
  class space    used 619K, capacity 656K, committed 768K, reserved 1048576K
}
Event: 54.263 GC heap before
{Heap before GC invocations=52 (full 5):
 PSYoungGen      total 477696K, used 379120K [0x00000000d5b80000, 0x00000000fe200000, 0x0000000100000000)
  eden space 287232K, 100% used [0x00000000d5b80000,0x00000000e7400000,0x00000000e7400000)
  from space 190464K, 48% used [0x00000000f2780000,0x00000000f813c080,0x00000000fe180000)
  to   space 183808K, 0% used [0x00000000e7400000,0x00000000e7400000,0x00000000f2780000)
 ParOldGen       total 920576K, used 696302K [0x0000000081200000, 0x00000000b9500000, 0x00000000d5b80000)
  object space 920576K, 75% used [0x0000000081200000,0x00000000ab9fb928,0x00000000b9500000)
 Metaspace       used 6648K, capacity 6979K, committed 7168K, reserved 1056768K
  class space    used 619K, capacity 656K, committed 768K, reserved 1048576K
Event: 54.300 GC heap after
Heap after GC invocations=52 (full 5):
 PSYoungGen      total 471040K, used 108766K [0x00000000d5b80000, 0x00000000ff580000, 0x0000000100000000)
  eden space 287232K, 0% used [0x00000000d5b80000,0x00000000d5b80000,0x00000000e7400000)
  from space 183808K, 59% used [0x00000000e7400000,0x00000000ede37910,0x00000000f2780000)
  to   space 183296K, 0% used [0x00000000f4280000,0x00000000f4280000,0x00000000ff580000)
 ParOldGen       total 920576K, used 696302K [0x0000000081200000, 0x00000000b9500000, 0x00000000d5b80000)
  object space 920576K, 75% used [0x0000000081200000,0x00000000ab9fb928,0x00000000b9500000)
 Metaspace       used 6648K, capacity 6979K, committed 7168K, reserved 1056768K
  class space    used 619K, capacity 656K, committed 768K, reserved 1048576K
}

Deoptimization events (6 events):
Event: 3.232 Thread 0x00000000190b4000 Uncommon trap: reason=null_check action=make_not_entrant pc=0x0000000002b4e970 method=com.badlogic.gdx.utils.ObjectIntMap.put(Ljava/lang/Object;I)V @ 43
Event: 3.498 Thread 0x00000000190b4000 Uncommon trap: reason=null_check action=make_not_entrant pc=0x0000000002b785f8 method=com.badlogic.gdx.utils.ObjectIntMap.put(Ljava/lang/Object;I)V @ 75
Event: 3.515 Thread 0x00000000190b4000 Uncommon trap: reason=null_check action=make_not_entrant pc=0x0000000002b79598 method=com.badlogic.gdx.utils.ObjectIntMap.put(Ljava/lang/Object;I)V @ 107
Event: 3.603 Thread 0x00000000190b4000 Uncommon trap: reason=unstable_if action=reinterpret pc=0x0000000002b3b494 method=java.nio.Bits.tryReserveMemory(JI)Z @ 29
Event: 3.603 Thread 0x00000000190b4000 Uncommon trap: reason=unstable_if action=reinterpret pc=0x0000000002b3f640 method=java.nio.Bits.tryReserveMemory(JI)Z @ 29
Event: 29.789 Thread 0x0000000002882000 Uncommon trap: reason=unstable_if action=reinterpret pc=0x0000000002b89da4 method=sun.misc.Cleaner.remove(Lsun/misc/Cleaner;)Z @ 14

Internal exceptions (10 events):
Event: 0.118 Thread 0x00000000007ae800 Exception <a 'java/security/PrivilegedActionException'> (0x00000000d5e5bd30) thrown at [C:\re\workspace\8-2-build-windows-amd64-cygwin\jdk8u101\7261\hotspot\src\share\vm\prims\jvm.cpp, line 1386]
Event: 0.203 Thread 0x00000000007ae800 Exception <a 'java/security/PrivilegedActionException'> (0x00000000d5ff0cc8) thrown at [C:\re\workspace\8-2-build-windows-amd64-cygwin\jdk8u101\7261\hotspot\src\share\vm\prims\jvm.cpp, line 1386]
Event: 0.203 Thread 0x00000000007ae800 Exception <a 'java/security/PrivilegedActionException'> (0x00000000d5ff29a0) thrown at [C:\re\workspace\8-2-build-windows-amd64-cygwin\jdk8u101\7261\hotspot\src\share\vm\prims\jvm.cpp, line 1386]
Event: 0.203 Thread 0x00000000007ae800 Exception <a 'java/security/PrivilegedActionException'> (0x00000000d5ff3b10) thrown at [C:\re\workspace\8-2-build-windows-amd64-cygwin\jdk8u101\7261\hotspot\src\share\vm\prims\jvm.cpp, line 1386]
Event: 0.203 Thread 0x00000000007ae800 Exception <a 'java/security/PrivilegedActionException'> (0x00000000d5ff8c78) thrown at [C:\re\workspace\8-2-build-windows-amd64-cygwin\jdk8u101\7261\hotspot\src\share\vm\prims\jvm.cpp, line 1386]
Event: 0.203 Thread 0x00000000007ae800 Exception <a 'java/security/PrivilegedActionException'> (0x00000000d5ff98d0) thrown at [C:\re\workspace\8-2-build-windows-amd64-cygwin\jdk8u101\7261\hotspot\src\share\vm\prims\jvm.cpp, line 1386]
Event: 0.203 Thread 0x00000000007ae800 Exception <a 'java/security/PrivilegedActionException'> (0x00000000d5ffa4f8) thrown at [C:\re\workspace\8-2-build-windows-amd64-cygwin\jdk8u101\7261\hotspot\src\share\vm\prims\jvm.cpp, line 1386]
Event: 3.232 Thread 0x00000000190b4000 Implicit null exception at 0x0000000002b4e3ae to 0x0000000002b4e945
Event: 3.498 Thread 0x00000000190b4000 Implicit null exception at 0x0000000002b780a2 to 0x0000000002b785c5
Event: 3.515 Thread 0x00000000190b4000 Implicit null exception at 0x0000000002b79150 to 0x0000000002b7955d

Events (10 events):
Event: 50.131 Executing VM operation: ParallelGCFailedAllocation
Event: 50.148 Executing VM operation: ParallelGCFailedAllocation done
Event: 51.088 Executing VM operation: ParallelGCFailedAllocation
Event: 51.108 Executing VM operation: ParallelGCFailedAllocation done
Event: 52.072 Executing VM operation: ParallelGCFailedAllocation
Event: 52.098 Executing VM operation: ParallelGCFailedAllocation done
Event: 53.039 Executing VM operation: ParallelGCFailedAllocation
Event: 53.069 Executing VM operation: ParallelGCFailedAllocation done
Event: 54.263 Executing VM operation: ParallelGCFailedAllocation
Event: 54.300 Executing VM operation: ParallelGCFailedAllocation done


Dynamic libraries:
0x00007ff67a150000 - 0x00007ff67a187000 	C:\Program Files\Java\jre1.8.0_101\bin\javaw.exe
0x00007ffb0f940000 - 0x00007ffb0fb02000 	C:\Windows\SYSTEM32\ntdll.dll
0x00007ffb0d3a0000 - 0x00007ffb0d44d000 	C:\Windows\system32\KERNEL32.DLL
0x00007ffb0c730000 - 0x00007ffb0c90d000 	C:\Windows\system32\KERNELBASE.dll
0x00007ffb0f600000 - 0x00007ffb0f6a6000 	C:\Windows\system32\ADVAPI32.dll
0x00007ffb0f3f0000 - 0x00007ffb0f48d000 	C:\Windows\system32\msvcrt.dll
0x00007ffb0f370000 - 0x00007ffb0f3cb000 	C:\Windows\system32\sechost.dll
0x00007ffb0f490000 - 0x00007ffb0f5b6000 	C:\Windows\system32\RPCRT4.dll
0x00007ffb0d620000 - 0x00007ffb0d76e000 	C:\Windows\system32\USER32.dll
0x00007ffb0dba0000 - 0x00007ffb0dd25000 	C:\Windows\system32\GDI32.dll
0x00007ffafe970000 - 0x00007ffafebe4000 	C:\Windows\WinSxS\amd64_microsoft.windows.common-controls_6595b64144ccf1df_6.0.10240.17113_none_f41e180257520c58\COMCTL32.dll
0x00007ffb0f5c0000 - 0x00007ffb0f5f6000 	C:\Windows\system32\IMM32.DLL
0x00007ffb0d240000 - 0x00007ffb0d39c000 	C:\Windows\system32\MSCTF.dll
0x0000000061830000 - 0x0000000061902000 	C:\Program Files\Java\jre1.8.0_101\bin\msvcr100.dll
0x00000000619a0000 - 0x000000006223a000 	C:\Program Files\Java\jre1.8.0_101\bin\server\jvm.dll
0x00007ffb0d230000 - 0x00007ffb0d238000 	C:\Windows\system32\PSAPI.DLL
0x00007ffb03fc0000 - 0x00007ffb03fc9000 	C:\Windows\SYSTEM32\WSOCK32.dll
0x00007ffb0a810000 - 0x00007ffb0a833000 	C:\Windows\SYSTEM32\WINMM.dll
0x00007ffb0f6b0000 - 0x00007ffb0f719000 	C:\Windows\system32\WS2_32.dll
0x00007ffb0d000000 - 0x00007ffb0d008000 	C:\Windows\system32\NSI.dll
0x00007ffb0b110000 - 0x00007ffb0b11a000 	C:\Windows\SYSTEM32\VERSION.dll
0x0000000000d70000 - 0x0000000000d9c000 	C:\Windows\SYSTEM32\WINMMBASE.dll
0x00007ffb0c5d0000 - 0x00007ffb0c614000 	C:\Windows\system32\cfgmgr32.dll
0x00007ffb0ac40000 - 0x00007ffb0ac67000 	C:\Windows\SYSTEM32\DEVOBJ.dll
0x0000000062810000 - 0x000000006281f000 	C:\Program Files\Java\jre1.8.0_101\bin\verify.dll
0x00000000627e0000 - 0x0000000062809000 	C:\Program Files\Java\jre1.8.0_101\bin\java.dll
0x0000000061980000 - 0x0000000061996000 	C:\Program Files\Java\jre1.8.0_101\bin\zip.dll
0x00007ffb0dd90000 - 0x00007ffb0f2b3000 	C:\Windows\system32\SHELL32.dll
0x00007ffb0c9d0000 - 0x00007ffb0cff9000 	C:\Windows\system32\windows.storage.dll
0x00007ffb0d840000 - 0x00007ffb0dabc000 	C:\Windows\system32\combase.dll
0x00007ffb0d780000 - 0x00007ffb0d7d1000 	C:\Windows\system32\shlwapi.dll
0x00007ffb0c380000 - 0x00007ffb0c38f000 	C:\Windows\system32\kernel.appcore.dll
0x00007ffb0c910000 - 0x00007ffb0c9c3000 	C:\Windows\system32\shcore.dll
0x00007ffb0c390000 - 0x00007ffb0c3da000 	C:\Windows\system32\powrprof.dll
0x00007ffb0c360000 - 0x00007ffb0c373000 	C:\Windows\system32\profapi.dll
0x0000000065580000 - 0x0000000065616000 	C:\Users\Computer\AppData\Local\Temp\libgdxComputer\8aad67a5\gdx64.dll
0x00007ffb0bc30000 - 0x00007ffb0bc47000 	C:\Windows\SYSTEM32\CRYPTSP.dll
0x00007ffb0bea0000 - 0x00007ffb0bec8000 	C:\Windows\SYSTEM32\bcrypt.dll
0x00007ffb0b880000 - 0x00007ffb0b8b3000 	C:\Windows\system32\rsaenh.dll
0x00007ffb0b970000 - 0x00007ffb0b98f000 	C:\Windows\SYSTEM32\USERENV.dll
0x00007ffb0c1b0000 - 0x00007ffb0c21b000 	C:\Windows\system32\bcryptprimitives.dll
0x00007ffb0bd80000 - 0x00007ffb0bd8b000 	C:\Windows\SYSTEM32\CRYPTBASE.dll
0x0000000061960000 - 0x000000006197a000 	C:\Program Files\Java\jre1.8.0_101\bin\net.dll
0x0000000180000000 - 0x000000018006d000 	C:\Windows\system32\LavasoftTcpService64.dll
0x00007ffb0f720000 - 0x00007ffb0f861000 	C:\Windows\system32\ole32.dll
0x00007ffb0bbd0000 - 0x00007ffb0bc2d000 	C:\Windows\SYSTEM32\MSWSOCK.dll
0x00007ffb0f870000 - 0x00007ffb0f932000 	C:\Windows\system32\OLEAUT32.dll
0x00007ffb0b120000 - 0x00007ffb0b158000 	C:\Windows\SYSTEM32\IPHLPAPI.DLL
0x00007ffb0b100000 - 0x00007ffb0b10b000 	C:\Windows\SYSTEM32\WINNSI.DLL
0x00007ffb0bfb0000 - 0x00007ffb0bfdc000 	C:\Windows\SYSTEM32\SspiCli.dll
0x00007ffb0aaf0000 - 0x00007ffb0ab86000 	C:\Windows\system32\uxtheme.dll
0x00007ffb06a10000 - 0x00007ffb06a26000 	C:\Windows\SYSTEM32\dhcpcsvc6.DLL
0x00007ffb069e0000 - 0x00007ffb069fa000 	C:\Windows\SYSTEM32\dhcpcsvc.DLL
0x0000000061940000 - 0x0000000061951000 	C:\Program Files\Java\jre1.8.0_101\bin\nio.dll
0x0000000019ac0000 - 0x0000000019b13000 	C:\Users\Computer\AppData\Local\Temp\libgdxComputer\dc0f0009\lwjgl64.dll
0x00007ffaecf50000 - 0x00007ffaed078000 	C:\Windows\SYSTEM32\OPENGL32.dll
0x00007ffafe300000 - 0x00007ffafe32e000 	C:\Windows\SYSTEM32\GLU32.dll
0x00007ffaecd60000 - 0x00007ffaece56000 	C:\Windows\SYSTEM32\DDRAW.dll
0x00007ffb075b0000 - 0x00007ffb075b8000 	C:\Windows\SYSTEM32\DCIMAN32.dll
0x0000000019b20000 - 0x0000000019b84000 	C:\Users\Computer\AppData\Local\Temp\libgdxComputer\dc0f0009\OpenAL64.dll
0x00007ffb0f2c0000 - 0x00007ffb0f365000 	C:\Windows\system32\clbcatq.dll
0x00007ffb076a0000 - 0x00007ffb07712000 	C:\Windows\System32\MMDevApi.dll
0x00007ffb09df0000 - 0x00007ffb09f73000 	C:\Windows\System32\PROPSYS.dll
0x00007ffafac00000 - 0x00007ffafac9c000 	C:\Windows\SYSTEM32\dsound.dll
0x00007ffaefc30000 - 0x00007ffaefcb5000 	C:\Windows\SYSTEM32\AUDIOSES.DLL
0x00007ffb07ed0000 - 0x00007ffb08001000 	C:\Windows\SYSTEM32\wintypes.dll
0x00007ffb09c60000 - 0x00007ffb09c82000 	C:\Windows\system32\dwmapi.dll
0x000000005f9c0000 - 0x000000006182b000 	C:\Windows\SYSTEM32\nvoglv64.DLL
0x00007ffb0d450000 - 0x00007ffb0d615000 	C:\Windows\system32\SETUPAPI.dll
0x00007ffb0a2c0000 - 0x00007ffb0a2d3000 	C:\Windows\SYSTEM32\WTSAPI32.dll
0x00007ffaecb90000 - 0x00007ffaecd1a000 	C:\Windows\SYSTEM32\dbghelp.dll
0x00007ffb0c6d0000 - 0x00007ffb0c724000 	C:\Windows\system32\WINTRUST.dll
0x00007ffb0c3e0000 - 0x00007ffb0c3f1000 	C:\Windows\system32\MSASN1.dll
0x00007ffb0c400000 - 0x00007ffb0c5c1000 	C:\Windows\system32\CRYPT32.dll
0x00007ffb0b6f0000 - 0x00007ffb0b722000 	C:\Windows\SYSTEM32\ntmarta.dll
0x00007ffb0c220000 - 0x00007ffb0c2b8000 	C:\Windows\SYSTEM32\sxs.dll
0x00007ffb07500000 - 0x00007ffb07591000 	C:\Windows\SYSTEM32\mscms.dll
0x00007ffaf5b20000 - 0x00007ffaf5b62000 	C:\Windows\SYSTEM32\icm32.dll
0x00007ffb0b420000 - 0x00007ffb0b478000 	C:\Windows\SYSTEM32\WINSTA.dll

VM Arguments:
jvm_args: -Dfile.encoding=MS932 
java_command: com.mygdx.game.desktop.DesktopLauncher
java_class_path (initial): C:\Users\Computer\Desktop\test\desktop\bin;C:\Users\Computer\.gradle\caches\modules-2\files-2.1\com.badlogicgames.gdx\gdx-backend-lwjgl\1.9.4\4c6c108a9dcbc07096de8594b93f9cab33856fe2\gdx-backend-lwjgl-1.9.4.jar;C:\Users\Computer\.gradle\caches\modules-2\files-2.1\com.badlogicgames.gdx\gdx-platform\1.9.4\8e93afecc287ab152179983fc1b5f65db4c2fa4c\gdx-platform-1.9.4-natives-desktop.jar;C:\Users\Computer\.gradle\caches\modules-2\files-2.1\com.badlogicgames.gdx\gdx-bullet-platform\1.9.4\13190302e8721452ffb8ae242dba20f6195e8175\gdx-bullet-platform-1.9.4-natives-desktop.jar;C:\Users\Computer\.gradle\caches\modules-2\files-2.1\com.badlogicgames.gdx\gdx-box2d-platform\1.9.4\905a9ed3017cd3917b7fbada5ece58c40fddcbca\gdx-box2d-platform-1.9.4-natives-desktop.jar;C:\Users\Computer\.gradle\caches\modules-2\files-2.1\com.badlogicgames.gdx\gdx\1.9.4\4b4b7962d1bc75af0438f5c81ec1010557bc9ee5\gdx-1.9.4.jar;C:\Users\Computer\.gradle\caches\modules-2\files-2.1\com.badlogicgames.gdx\gdx-bullet\1.9.4\971a174538f313b9f975b8a6bbdf3aad04bb564d\gdx-bullet-1.9.4.jar;C:\Users\Computer\.gradle\caches\modules-2\files-2.1\com.badlogicgames.gdx\gdx-box2d\1.9.4\98a0d25c9f0637fecac6e4aacf7287aa635964f5\gdx-box2d-1.9.4.jar;C:\Users\Computer\.gradle\caches\modules-2\files-2.1\org.lwjgl.lwjgl\lwjgl\2.9.2\a9d80fe5935c7a9149f6584d9777cfd471f65489\lwjgl-2.9.2.jar;C:\Users\Computer\.gradle\caches\modules-2\files-2.1\org.lwjgl.lwjgl\lwjgl_util\2.9.2\4b9e37300a87799856e0bd15ed81663cdb6b0947\lwjgl_util-2.9.2.jar;C:\Users\Computer\.gradle\caches\modules-2\files-2.1\com.badlogicgames.jlayer\jlayer\1.0.1-gdx\7cca83cec5c1b2f011362f4d85aabd71a73b049d\jlayer-1.0.1-gdx.jar;C:\Users\Computer\.gradle\caches\modules-2\files-2.1\org.jcraft\jorbis\0.0.17\8872d22b293e8f5d7d56ff92be966e6dc28ebdc6\jorbis-0.0.17.jar;C:\Users\Computer\.gradle\caches\modules-2\files-2.1\org.lwjgl.lwjgl\lwjgl-platform\2.9.2\510c7d317f5e9e700b9cfaac5fd38bdebf0702e0\lwjgl-platform-2.9.2-natives-windows.jar;C:\Users\Compu
Launcher Type: SUN_STANDARD

Environment Variables:
PATH=C:/Program Files/Java/jre1.8.0_101/bin/server;C:/Program Files/Java/jre1.8.0_101/bin;C:/Program Files/Java/jre1.8.0_101/lib/amd64;C:\ProgramData\Oracle\Java\javapath;C:\Program Files (x86)\Intel\iCLS Client\;C:\Program Files\Intel\iCLS Client\;C:\Windows\system32;C:\Windows;C:\Windows\System32\Wbem;C:\Windows\System32\WindowsPowerShell\v1.0\;C:\Program Files (x86)\Intel\Intel(R) Management Engine Components\DAL;C:\Program Files\Intel\Intel(R) Management Engine Components\DAL;C:\Program Files (x86)\Intel\Intel(R) Management Engine Components\IPT;C:\Program Files\Intel\Intel(R) Management Engine Components\IPT;C:\Program Files (x86)\NVIDIA Corporation\PhysX\Common;C:\Program Files (x86)\Skype\Phone\;C:\Users\Computer\Desktop;
USERNAME=Computer
OS=Windows_NT
PROCESSOR_IDENTIFIER=Intel64 Family 6 Model 94 Stepping 3, GenuineIntel



---------------  S Y S T E M  ---------------

OS: Windows 10.0 , 64 bit Build 10240 (10.0.10240.17113)

CPU:total 4 (4 cores per cpu, 1 threads per core) family 6 model 94 stepping 3, cmov, cx8, fxsr, mmx, sse, sse2, sse3, ssse3, sse4.1, sse4.2, popcnt, avx, avx2, aes, clmul, erms, rtm, 3dnowpref, lzcnt, tsc, tscinvbit, bmi1, bmi2, adx

Memory: 4k page, physical 8310576k(129916k free), swap 22890668k(4176k free)

vm_info: Java HotSpot(TM) 64-Bit Server VM (25.101-b13) for windows-amd64 JRE (1.8.0_101-b13), built on Jun 22 2016 01:21:29 by "java_re" with MS VC++ 10.0 (VS2010)

time: Fri Oct 07 00:14:41 2016
elapsed time: 54 seconds (0d 0h 0m 54s)

